# JRE version: OpenJDK Runtime Environment Temurin-17.0.6+10 (17.0.6+10) (build 17.0.6+10)
# Java VM: OpenJDK 64-Bit Server VM Temurin-17.0.6+10 (17.0.6+10, mixed mode, tiered, compressed oops, compressed class ptrs, g1 gc, windows-amd64)
GC Precious Log:
 CPUs: 16 total, 16 available
 Memory: 6986M
 Large Page Support: Disabled
 NUMA Support: Disabled
 Compressed Oops: Enabled (32-bit)
 Heap Region Size: 1M
 Heap Min Capacity: 8M
 Heap Initial Capacity: 110M
 Heap Max Capacity: 1748M
 Pre-touch: Disabled
 Parallel Workers: 13
 Concurrent Workers: 3
 Concurrent Refinement Workers: 13
 Periodic GC: Disabled
Heap:
 garbage-first heap   total 109568K, used 78607K [0x0000000092c00000, 0x0000000100000000)
  region size 1024K, 27 young (27648K), 1 survivors (1024K)
 Metaspace       used 100219K, committed 101120K, reserved 1138688K
  class space    used 11845K, committed 12224K, reserved 1048576K
GC Heap History (20 events):
Event: 34075.667 GC heap before
{Heap before GC invocations=3491 (full 9):
 garbage-first heap   total 109568K, used 93543K [0x0000000092c00000, 0x0000000100000000)
  region size 1024K, 41 young (41984K), 1 survivors (1024K)
 Metaspace       used 100219K, committed 101120K, reserved 1138688K
  class space    used 11845K, committed 12224K, reserved 1048576K
}
Event: 34075.668 GC heap after
{Heap after GC invocations=3492 (full 9):
 garbage-first heap   total 109568K, used 53421K [0x0000000092c00000, 0x0000000100000000)
  region size 1024K, 2 young (2048K), 2 survivors (2048K)
 Metaspace       used 100219K, committed 101120K, reserved 1138688K
  class space    used 11845K, committed 12224K, reserved 1048576K
}
Event: 34084.227 GC heap before
{Heap before GC invocations=3492 (full 9):
 garbage-first heap   total 109568K, used 92333K [0x0000000092c00000, 0x0000000100000000)
  region size 1024K, 40 young (40960K), 2 survivors (2048K)
 Metaspace       used 100219K, committed 101120K, reserved 1138688K
  class space    used 11845K, committed 12224K, reserved 1048576K
}
Event: 34084.228 GC heap after
{Heap after GC invocations=3493 (full 9):
 garbage-first heap   total 109568K, used 52614K [0x0000000092c00000, 0x0000000100000000)
  region size 1024K, 1 young (1024K), 1 survivors (1024K)
 Metaspace       used 100219K, committed 101120K, reserved 1138688K
  class space    used 11845K, committed 12224K, reserved 1048576K
}
Event: 34092.324 GC heap before
{Heap before GC invocations=3493 (full 9):
 garbage-first heap   total 109568K, used 92550K [0x0000000092c00000, 0x0000000100000000)
  region size 1024K, 40 young (40960K), 1 survivors (1024K)
 Metaspace       used 100219K, committed 101120K, reserved 1138688K
  class space    used 11845K, committed 12224K, reserved 1048576K
}
Event: 34092.326 GC heap after
{Heap after GC invocations=3494 (full 9):
 garbage-first heap   total 109568K, used 53125K [0x0000000092c00000, 0x0000000100000000)
  region size 1024K, 1 young (1024K), 1 survivors (1024K)
 Metaspace       used 100219K, committed 101120K, reserved 1138688K
  class space    used 11845K, committed 12224K, reserved 1048576K
}
Event: 34100.678 GC heap before
{Heap before GC invocations=3494 (full 9):
 garbage-first heap   total 109568K, used 93061K [0x0000000092c00000, 0x0000000100000000)
  region size 1024K, 40 young (40960K), 1 survivors (1024K)
 Metaspace       used 100219K, committed 101120K, reserved 1138688K
  class space    used 11845K, committed 12224K, reserved 1048576K
}
Event: 34100.679 GC heap after
{Heap after GC invocations=3495 (full 9):
 garbage-first heap   total 109568K, used 52531K [0x0000000092c00000, 0x0000000100000000)
  region size 1024K, 1 young (1024K), 1 survivors (1024K)
 Metaspace       used 100219K, committed 101120K, reserved 1138688K
  class space    used 11845K, committed 12224K, reserved 1048576K
}
Event: 34109.347 GC heap before
{Heap before GC invocations=3495 (full 9):
 garbage-first heap   total 109568K, used 93491K [0x0000000092c00000, 0x0000000100000000)
  region size 1024K, 41 young (41984K), 1 survivors (1024K)
 Metaspace       used 100219K, committed 101120K, reserved 1138688K
  class space    used 11845K, committed 12224K, reserved 1048576K
}
Event: 34109.347 GC heap after
{Heap after GC invocations=3496 (full 9):
 garbage-first heap   total 109568K, used 52182K [0x0000000092c00000, 0x0000000100000000)
  region size 1024K, 1 young (1024K), 1 survivors (1024K)
 Metaspace       used 100219K, committed 101120K, reserved 1138688K
  class space    used 11845K, committed 12224K, reserved 1048576K
}
Event: 34117.452 GC heap before
{Heap before GC invocations=3496 (full 9):
 garbage-first heap   total 109568K, used 93142K [0x0000000092c00000, 0x0000000100000000)
  region size 1024K, 41 young (41984K), 1 survivors (1024K)
 Metaspace       used 100219K, committed 101120K, reserved 1138688K
  class space    used 11845K, committed 12224K, reserved 1048576K
}
Event: 34117.453 GC heap after
{Heap after GC invocations=3497 (full 9):
 garbage-first heap   total 109568K, used 52976K [0x0000000092c00000, 0x0000000100000000)
  region size 1024K, 1 young (1024K), 1 survivors (1024K)
 Metaspace       used 100219K, committed 101120K, reserved 1138688K
  class space    used 11845K, committed 12224K, reserved 1048576K
}
Event: 34125.715 GC heap before
{Heap before GC invocations=3497 (full 9):
 garbage-first heap   total 109568K, used 93936K [0x0000000092c00000, 0x0000000100000000)
  region size 1024K, 41 young (41984K), 1 survivors (1024K)
 Metaspace       used 100219K, committed 101120K, reserved 1138688K
  class space    used 11845K, committed 12224K, reserved 1048576K
}
Event: 34125.716 GC heap after
{Heap after GC invocations=3498 (full 9):
 garbage-first heap   total 109568K, used 53430K [0x0000000092c00000, 0x0000000100000000)
  region size 1024K, 2 young (2048K), 2 survivors (2048K)
 Metaspace       used 100219K, committed 101120K, reserved 1138688K
  class space    used 11845K, committed 12224K, reserved 1048576K
}
Event: 34133.958 GC heap before
{Heap before GC invocations=3498 (full 9):
 garbage-first heap   total 109568K, used 92342K [0x0000000092c00000, 0x0000000100000000)
  region size 1024K, 40 young (40960K), 2 survivors (2048K)
 Metaspace       used 100219K, committed 101120K, reserved 1138688K
  class space    used 11845K, committed 12224K, reserved 1048576K
}
Event: 34133.959 GC heap after
{Heap after GC invocations=3499 (full 9):
 garbage-first heap   total 109568K, used 52471K [0x0000000092c00000, 0x0000000100000000)
  region size 1024K, 1 young (1024K), 1 survivors (1024K)
 Metaspace       used 100219K, committed 101120K, reserved 1138688K
  class space    used 11845K, committed 12224K, reserved 1048576K
}
Event: 34142.355 GC heap before
{Heap before GC invocations=3499 (full 9):
 garbage-first heap   total 109568K, used 93431K [0x0000000092c00000, 0x0000000100000000)
  region size 1024K, 41 young (41984K), 1 survivors (1024K)
 Metaspace       used 100219K, committed 101120K, reserved 1138688K
  class space    used 11845K, committed 12224K, reserved 1048576K
}
Event: 34142.356 GC heap after
{Heap after GC invocations=3500 (full 9):
 garbage-first heap   total 109568K, used 52565K [0x0000000092c00000, 0x0000000100000000)
  region size 1024K, 1 young (1024K), 1 survivors (1024K)
 Metaspace       used 100219K, committed 101120K, reserved 1138688K
  class space    used 11845K, committed 12224K, reserved 1048576K
}
Event: 34150.981 GC heap before
{Heap before GC invocations=3500 (full 9):
 garbage-first heap   total 109568K, used 93525K [0x0000000092c00000, 0x0000000100000000)
  region size 1024K, 41 young (41984K), 1 survivors (1024K)
 Metaspace       used 100219K, committed 101120K, reserved 1138688K
  class space    used 11845K, committed 12224K, reserved 1048576K
}
Event: 34150.982 GC heap after
{Heap after GC invocations=3501 (full 9):
 garbage-first heap   total 109568K, used 53007K [0x0000000092c00000, 0x0000000100000000)
  region size 1024K, 1 young (1024K), 1 survivors (1024K)
 Metaspace       used 100219K, committed 101120K, reserved 1138688K
  class space    used 11845K, committed 12224K, reserved 1048576K
}

